<?xml version="1.0" encoding="UTF-8"?>
<testng-results skipped="0" failed="0" ignored="0" total="3" passed="3">
  <reporter-output>
  </reporter-output>
  <suite name="Suite" duration-ms="34340" started-at="2022-01-31T12:57:08Z" finished-at="2022-01-31T12:57:42Z">
    <groups>
    </groups>
    <test name="Test1" duration-ms="10896" started-at="2022-01-31T12:57:08Z" finished-at="2022-01-31T12:57:19Z">
      <class name="testCases.Test_Pending_Leave_Request">
        <test-method status="PASS" signature="initialLogin()[pri:0, instance:testCases.Test_Pending_Leave_Request@2a2d45ba]" name="initialLogin" duration-ms="10495" started-at="2022-01-31T12:57:08Z" finished-at="2022-01-31T12:57:19Z">
          <reporter-output>
          </reporter-output>
        </test-method> <!-- initialLogin -->
        <test-method status="PASS" signature="verifyPendingLeaveRequest()[pri:0, instance:testCases.Test_Pending_Leave_Request@2a2d45ba]" name="verifyPendingLeaveRequest" duration-ms="277" started-at="2022-01-31T12:57:19Z" finished-at="2022-01-31T12:57:19Z">
          <reporter-output>
          </reporter-output>
        </test-method> <!-- verifyPendingLeaveRequest -->
      </class> <!-- testCases.Test_Pending_Leave_Request -->
    </test> <!-- Test1 -->
    <test name="Test2" duration-ms="23383" started-at="2022-01-31T12:57:19Z" finished-at="2022-01-31T12:57:42Z">
      <class name="testCases.Test_User_Role">
        <test-method status="PASS" signature="launchBrowser()[pri:0, instance:testCases.Test_User_Role@5e5792a0]" name="launchBrowser" is-config="true" duration-ms="17185" started-at="2022-01-31T12:56:51Z" finished-at="2022-01-31T12:57:08Z">
          <reporter-output>
          </reporter-output>
        </test-method> <!-- launchBrowser -->
        <test-method status="PASS" signature="checkUserRole()[pri:0, instance:testCases.Test_User_Role@5e5792a0]" name="checkUserRole" duration-ms="23360" started-at="2022-01-31T12:57:19Z" finished-at="2022-01-31T12:57:42Z">
          <reporter-output>
          </reporter-output>
        </test-method> <!-- checkUserRole -->
        <test-method status="PASS" signature="closeBrowser()[pri:0, instance:testCases.Test_User_Role@5e5792a0]" name="closeBrowser" is-config="true" duration-ms="3" started-at="2022-01-31T12:57:43Z" finished-at="2022-01-31T12:57:43Z">
          <reporter-output>
          </reporter-output>
        </test-method> <!-- closeBrowser -->
      </class> <!-- testCases.Test_User_Role -->
    </test> <!-- Test2 -->
  </suite> <!-- Suite -->
</testng-results>
