<?xml version="1.0" encoding="UTF-8"?>
<!-- Generated by org.testng.reporters.JUnitXMLReporter -->
<testsuite hostname="Acer-PC" ignored="1" name="Default test" tests="1" failures="0" timestamp="29 Jan 2022 12:55:07 GMT" time="3.387" errors="0">
  <testcase name="initialLogin" time="3.318" classname="testCases.Test_Pending_Leave_Request"/>
  <testcase name="verifyPendingLeaveRequest" time="0.0" classname="testCases.Test_Pending_Leave_Request">
    <ignored/>
  </testcase> <!-- verifyPendingLeaveRequest -->
</testsuite> <!-- Default test -->
